<?xml version="1.0" encoding="UTF-8"?>
<!-- Generated by org.testng.reporters.JUnitXMLReporter -->
<testsuite ignored="8" hostname="Shantanu_G" failures="0" tests="1" name="Default test" time="10.921" errors="0" timestamp="2025-02-03T18:11:27 IST">
  <testcase classname="com.jisasoftech.ADVNIC.tests.ForgetPasswordTest" name="verifyAlertResetPassword" time="4.294"/>
  <testcase classname="com.jisasoftech.ADVNIC.tests.ForgetPasswordTest" name="verifyForgetPasswordLink" time="0.0">
    <ignored/>
  </testcase> <!-- verifyForgetPasswordLink -->
  <testcase classname="com.jisasoftech.ADVNIC.tests.ForgetPasswordTest" name="verifyUsernameFieldDisabledOnForgetPasswordModalWindow" time="0.0">
    <ignored/>
  </testcase> <!-- verifyUsernameFieldDisabledOnForgetPasswordModalWindow -->
  <testcase classname="com.jisasoftech.ADVNIC.tests.ForgetPasswordTest" name="verifyPasswordMaskedForSecureOperation" time="0.0">
    <ignored/>
  </testcase> <!-- verifyPasswordMaskedForSecureOperation -->
  <testcase classname="com.jisasoftech.ADVNIC.tests.ForgetPasswordTest" name="verifyAlertMessageAfterSendOTP" time="0.0">
    <ignored/>
  </testcase> <!-- verifyAlertMessageAfterSendOTP -->
  <testcase classname="com.jisasoftech.ADVNIC.tests.ForgetPasswordTest" name="verifySubmitButtonClickableAfterEnteringAllDetails" time="0.0">
    <ignored/>
  </testcase> <!-- verifySubmitButtonClickableAfterEnteringAllDetails -->
  <testcase classname="com.jisasoftech.ADVNIC.tests.ForgetPasswordTest" name="testForgetPasswordLinkNavigationWithValidUsername" time="0.0">
    <ignored/>
  </testcase> <!-- testForgetPasswordLinkNavigationWithValidUsername -->
  <testcase classname="com.jisasoftech.ADVNIC.tests.ForgetPasswordTest" name="verifyCancelButtonFunctionality" time="0.0">
    <ignored/>
  </testcase> <!-- verifyCancelButtonFunctionality -->
  <testcase classname="com.jisasoftech.ADVNIC.tests.ForgetPasswordTest" name="testAlertMessageDisplayedOnForgetPasswordWithoutUsername" time="0.0">
    <ignored/>
  </testcase> <!-- testAlertMessageDisplayedOnForgetPasswordWithoutUsername -->
</testsuite> <!-- Default test -->
