<?xml version="1.0" encoding="UTF-8"?>
<!-- Generated by org.testng.reporters.JUnitXMLReporter -->
<testsuite ignored="6" hostname="Shantanu_G" failures="0" tests="1" name="Default test" time="13.3" errors="0" timestamp="2025-01-31T18:05:39 IST">
  <testcase classname="com.jisasoftech.ADVNIC.tests.ForgetPasswordTest" name="verifySubmitButtonClickableAfterEnteringAllDetails" time="4.538"/>
  <testcase classname="com.jisasoftech.ADVNIC.tests.ForgetPasswordTest" name="verifyPasswordMaskedForSecureOperation" time="0.0">
    <ignored/>
  </testcase> <!-- verifyPasswordMaskedForSecureOperation -->
  <testcase classname="com.jisasoftech.ADVNIC.tests.ForgetPasswordTest" name="testAlertMessageDisplayedOnForgetPasswordWithoutUsername" time="0.0">
    <ignored/>
  </testcase> <!-- testAlertMessageDisplayedOnForgetPasswordWithoutUsername -->
  <testcase classname="com.jisasoftech.ADVNIC.tests.ForgetPasswordTest" name="testForgetPasswordLinkNavigationWithValidUsername" time="0.0">
    <ignored/>
  </testcase> <!-- testForgetPasswordLinkNavigationWithValidUsername -->
  <testcase classname="com.jisasoftech.ADVNIC.tests.ForgetPasswordTest" name="verifyCancelButtonFunctionality" time="0.0">
    <ignored/>
  </testcase> <!-- verifyCancelButtonFunctionality -->
  <testcase classname="com.jisasoftech.ADVNIC.tests.ForgetPasswordTest" name="verifyUsernameFieldDisabledOnForgetPasswordModalWindow" time="0.0">
    <ignored/>
  </testcase> <!-- verifyUsernameFieldDisabledOnForgetPasswordModalWindow -->
  <testcase classname="com.jisasoftech.ADVNIC.tests.ForgetPasswordTest" name="verifyForgetPasswordLink" time="0.0">
    <ignored/>
  </testcase> <!-- verifyForgetPasswordLink -->
</testsuite> <!-- Default test -->
