<?xml version="1.0" encoding="UTF-8"?>
<testng-results ignored="0" total="1" passed="1" failed="0" skipped="0">
  <reporter-output>
  </reporter-output>
  <suite started-at="2025-02-03T18:11:16 IST" name="Default suite" finished-at="2025-02-03T18:11:27 IST" duration-ms="10921">
    <groups>
    </groups>
    <test started-at="2025-02-03T18:11:16 IST" name="Default test" finished-at="2025-02-03T18:11:27 IST" duration-ms="10921">
      <class name="com.jisasoftech.ADVNIC.tests.ForgetPasswordTest">
        <test-method is-config="true" signature="setup()[pri:0, instance:com.jisasoftech.ADVNIC.tests.ForgetPasswordTest@41d477ed]" started-at="2025-02-03T18:11:16 IST" name="setup" finished-at="2025-02-03T18:11:22 IST" duration-ms="6238" status="PASS">
          <reporter-output>
          </reporter-output>
        </test-method> <!-- setup -->
        <test-method signature="verifyAlertResetPassword()[pri:0, instance:com.jisasoftech.ADVNIC.tests.ForgetPasswordTest@41d477ed]" started-at="2025-02-03T18:11:22 IST" name="verifyAlertResetPassword" finished-at="2025-02-03T18:11:26 IST" duration-ms="4294" status="PASS">
          <reporter-output>
          </reporter-output>
        </test-method> <!-- verifyAlertResetPassword -->
        <test-method is-config="true" signature="tearDown()[pri:0, instance:com.jisasoftech.ADVNIC.tests.ForgetPasswordTest@41d477ed]" started-at="2025-02-03T18:11:26 IST" name="tearDown" finished-at="2025-02-03T18:11:27 IST" duration-ms="332" status="PASS">
          <reporter-output>
          </reporter-output>
        </test-method> <!-- tearDown -->
      </class> <!-- com.jisasoftech.ADVNIC.tests.ForgetPasswordTest -->
    </test> <!-- Default test -->
  </suite> <!-- Default suite -->
</testng-results>
